<?xml version="1.0" encoding="UTF-8"?>
<!-- Generated by org.testng.reporters.JUnitReportReporter -->
<testsuite hostname="Naveen-PC" name="com.hidden.element.GetOptions_example" tests="2" failures="0" timestamp="5 Jan 2016 07:03:20 GMT" time="2.435" errors="0">
  <testcase name="printTxtBox_Loc" time="0.633" classname="com.hidden.element.GetOptions_example"/>
  <testcase name="printDrodowns_Loc_Values" time="1.802" classname="com.hidden.element.GetOptions_example"/>
</testsuite> <!-- com.hidden.element.GetOptions_example -->
